\BOOKMARK [1][-]{section.1}{Source 1: Can Online Delivery increase Access to Education}{}% 1
\BOOKMARK [2][-]{subsection.1.1}{Technology}{section.1}% 2
\BOOKMARK [2][-]{subsection.1.2}{Audience}{section.1}% 3
\BOOKMARK [2][-]{subsection.1.3}{Content}{section.1}% 4
\BOOKMARK [2][-]{subsection.1.4}{Sociotechnical Issue}{section.1}% 5
\BOOKMARK [2][-]{subsection.1.5}{Theory}{section.1}% 6
\BOOKMARK [2][-]{subsection.1.6}{Medium}{section.1}% 7
\BOOKMARK [2][-]{subsection.1.7}{Methodology}{section.1}% 8
\BOOKMARK [1][-]{section.2}{Source 2: Evaluating Teachers: The important role of value-added}{}% 9
\BOOKMARK [2][-]{subsection.2.1}{Technology}{section.2}% 10
\BOOKMARK [2][-]{subsection.2.2}{Audience}{section.2}% 11
\BOOKMARK [2][-]{subsection.2.3}{Content}{section.2}% 12
\BOOKMARK [2][-]{subsection.2.4}{Sociotechnical Issue}{section.2}% 13
\BOOKMARK [2][-]{subsection.2.5}{Theory}{section.2}% 14
\BOOKMARK [2][-]{subsection.2.6}{Medium}{section.2}% 15
\BOOKMARK [2][-]{subsection.2.7}{Methodology}{section.2}% 16
\BOOKMARK [1][-]{section.3}{Source 3: }{}% 17
\BOOKMARK [2][-]{subsection.3.1}{Technology}{section.3}% 18
\BOOKMARK [2][-]{subsection.3.2}{Audience}{section.3}% 19
\BOOKMARK [2][-]{subsection.3.3}{Content}{section.3}% 20
\BOOKMARK [2][-]{subsection.3.4}{Sociotechnical Issue}{section.3}% 21
\BOOKMARK [2][-]{subsection.3.5}{Theory}{section.3}% 22
\BOOKMARK [2][-]{subsection.3.6}{Medium}{section.3}% 23
\BOOKMARK [2][-]{subsection.3.7}{Methodology}{section.3}% 24
\BOOKMARK [1][-]{section.4}{Source 4: }{}% 25
\BOOKMARK [2][-]{subsection.4.1}{Technology}{section.4}% 26
\BOOKMARK [2][-]{subsection.4.2}{Audience}{section.4}% 27
\BOOKMARK [2][-]{subsection.4.3}{Content}{section.4}% 28
\BOOKMARK [2][-]{subsection.4.4}{Sociotechnical Issue}{section.4}% 29
\BOOKMARK [2][-]{subsection.4.5}{Theory}{section.4}% 30
\BOOKMARK [2][-]{subsection.4.6}{Medium}{section.4}% 31
\BOOKMARK [2][-]{subsection.4.7}{Methodology}{section.4}% 32
\BOOKMARK [2][-]{subsection.4.8}{Feature Extraction}{section.4}% 33
